<?xml version="1.0" encoding="UTF-8"?>
<!-- Generated by org.testng.reporters.JUnitReportReporter -->
<testsuite hostname="LAPTOP-QMK202VJ" name="seleniumgluecode.FloowDriveTest" tests="1" failures="0" timestamp="21 Feb 2021 07:11:32 GMT" time="483.842" errors="0">
  <testcase name="FloowDriveFunctionality" time="483.842" classname="seleniumgluecode.FloowDriveTest"/>
</testsuite> <!-- seleniumgluecode.FloowDriveTest -->
